2022-08-23 16:10:46.865  INFO 16332 --- [main] c.e.b.Bs5Ejercicio6Application           : Starting Bs5Ejercicio6Application using Java 17.0.4 on L2207014 with PID 16332 (C:\Users\carlos.martos\IdeaProjects\BS5-ejercicio6\target\classes started by carlos.martos in C:\Users\carlos.martos\IdeaProjects\BS5-ejercicio6)
2022-08-23 16:10:46.869  INFO 16332 --- [main] c.e.b.Bs5Ejercicio6Application           : No active profile set, falling back to 1 default profile: "default"
2022-08-23 16:10:48.042  INFO 16332 --- [main] o.s.b.w.embedded.tomcat.TomcatWebServer  : Tomcat initialized with port(s): 8080 (http)
2022-08-23 16:10:48.051  INFO 16332 --- [main] o.apache.catalina.core.StandardService   : Starting service [Tomcat]
2022-08-23 16:10:48.080  INFO 16332 --- [main] org.apache.catalina.core.StandardEngine  : Starting Servlet engine: [Apache Tomcat/9.0.65]
2022-08-23 16:10:48.209  INFO 16332 --- [main] o.a.c.c.C.[Tomcat].[localhost].[/]       : Initializing Spring embedded WebApplicationContext
2022-08-23 16:10:48.210  INFO 16332 --- [main] w.s.c.ServletWebServerApplicationContext : Root WebApplicationContext: initialization completed in 1264 ms
2022-08-23 16:10:48.653  INFO 16332 --- [main] o.s.b.w.embedded.tomcat.TomcatWebServer  : Tomcat started on port(s): 8080 (http) with context path ''
2022-08-23 16:10:48.667  INFO 16332 --- [main] c.e.b.Bs5Ejercicio6Application           : Started Bs5Ejercicio6Application in 2.322 seconds (JVM running for 2.838)
2022-08-23 16:10:48.671  INFO 16332 --- [main] c.e.b.Bs5Ejercicio6Application           : hola desde mi logger info
2022-08-23 16:10:48.671  WARN 16332 --- [main] c.e.b.Bs5Ejercicio6Application           : hola desde mi logger warning
2022-08-23 16:10:48.671 ERROR 16332 --- [main] c.e.b.Bs5Ejercicio6Application           : hola desde mi logger error
2022-08-23 16:11:58.118  INFO 15356 --- [main] c.e.b.Bs5Ejercicio6Application           : Starting Bs5Ejercicio6Application using Java 17.0.4 on L2207014 with PID 15356 (C:\Users\carlos.martos\IdeaProjects\BS5-ejercicio6\target\classes started by carlos.martos in C:\Users\carlos.martos\IdeaProjects\BS5-ejercicio6)
2022-08-23 16:11:58.122  INFO 15356 --- [main] c.e.b.Bs5Ejercicio6Application           : No active profile set, falling back to 1 default profile: "default"
2022-08-23 16:11:59.180  INFO 15356 --- [main] o.s.b.w.embedded.tomcat.TomcatWebServer  : Tomcat initialized with port(s): 8080 (http)
2022-08-23 16:11:59.190  INFO 15356 --- [main] o.apache.catalina.core.StandardService   : Starting service [Tomcat]
2022-08-23 16:11:59.191  INFO 15356 --- [main] org.apache.catalina.core.StandardEngine  : Starting Servlet engine: [Apache Tomcat/9.0.65]
2022-08-23 16:11:59.282  INFO 15356 --- [main] o.a.c.c.C.[Tomcat].[localhost].[/]       : Initializing Spring embedded WebApplicationContext
2022-08-23 16:11:59.283  INFO 15356 --- [main] w.s.c.ServletWebServerApplicationContext : Root WebApplicationContext: initialization completed in 1095 ms
2022-08-23 16:11:59.686  INFO 15356 --- [main] o.s.b.w.embedded.tomcat.TomcatWebServer  : Tomcat started on port(s): 8080 (http) with context path ''
2022-08-23 16:11:59.694  INFO 15356 --- [main] c.e.b.Bs5Ejercicio6Application           : Started Bs5Ejercicio6Application in 2.06 seconds (JVM running for 2.458)
2022-08-23 16:11:59.697  INFO 15356 --- [main] c.e.b.Bs5Ejercicio6Application           : hola desde mi logger info
2022-08-23 16:11:59.698  WARN 15356 --- [main] c.e.b.Bs5Ejercicio6Application           : hola desde mi logger warning
2022-08-23 16:11:59.698 ERROR 15356 --- [main] c.e.b.Bs5Ejercicio6Application           : hola desde mi logger error
